d:\users\ivan\documents\visual studio 2015\projects\tutoryourself\tutoryourself\debug\vc140.pdb
d:\users\ivan\documents\visual studio 2015\projects\tutoryourself\tutoryourself\debug\tutoryourself.obj
d:\users\ivan\documents\visual studio 2015\projects\tutoryourself\tutoryourself\debug\main.obj
d:\users\ivan\documents\visual studio 2015\projects\tutoryourself\tutoryourself\debug\library.obj
d:\users\ivan\documents\visual studio 2015\projects\tutoryourself\tutoryourself\debug\rowwidget.obj
d:\users\ivan\documents\visual studio 2015\projects\tutoryourself\tutoryourself\debug\moc_tutoryourself.obj
d:\users\ivan\documents\visual studio 2015\projects\tutoryourself\tutoryourself\debug\moc_rowwidget.obj
d:\users\ivan\documents\visual studio 2015\projects\tutoryourself\tutoryourself\debug\moc_editablelabel.obj
d:\users\ivan\documents\visual studio 2015\projects\tutoryourself\tutoryourself\debug\editablelabel.obj
d:\users\ivan\documents\visual studio 2015\projects\tutoryourself\tutoryourself\debug\stage.obj
d:\users\ivan\documents\visual studio 2015\projects\tutoryourself\tutoryourself\debug\qrc_res.obj
d:\users\ivan\documents\visual studio 2015\projects\tutoryourself\tutoryourself\debug\probabilityrandom.obj
d:\users\ivan\documents\visual studio 2015\projects\tutoryourself\tutoryourself\generatedfiles\debug\moc_rowwidget.cpp
d:\users\ivan\documents\visual studio 2015\projects\tutoryourself\tutoryourself\generatedfiles\debug\moc_editablelabel.cpp
d:\users\ivan\documents\visual studio 2015\projects\tutoryourself\tutoryourself\generatedfiles\qrc_res.cpp
d:\users\ivan\documents\visual studio 2015\projects\tutoryourself\tutoryourself\generatedfiles\ui_tutoryourself.h
d:\users\ivan\documents\visual studio 2015\projects\tutoryourself\tutoryourself\generatedfiles\debug\moc_tutoryourself.cpp
d:\users\ivan\documents\visual studio 2015\projects\tutoryourself\win32\debug\tutoryourself.ilk
d:\users\ivan\documents\visual studio 2015\projects\tutoryourself\win32\debug\tutoryourself.exe
d:\users\ivan\documents\visual studio 2015\projects\tutoryourself\win32\debug\tutoryourself.pdb
d:\users\ivan\documents\visual studio 2015\projects\tutoryourself\tutoryourself\debug\tutoryourself.tlog\cl.command.1.tlog
d:\users\ivan\documents\visual studio 2015\projects\tutoryourself\tutoryourself\debug\tutoryourself.tlog\cl.read.1.tlog
d:\users\ivan\documents\visual studio 2015\projects\tutoryourself\tutoryourself\debug\tutoryourself.tlog\cl.write.1.tlog
d:\users\ivan\documents\visual studio 2015\projects\tutoryourself\tutoryourself\debug\tutoryourself.tlog\custombuild.command.1.tlog
d:\users\ivan\documents\visual studio 2015\projects\tutoryourself\tutoryourself\debug\tutoryourself.tlog\custombuild.read.1.tlog
d:\users\ivan\documents\visual studio 2015\projects\tutoryourself\tutoryourself\debug\tutoryourself.tlog\custombuild.write.1.tlog
d:\users\ivan\documents\visual studio 2015\projects\tutoryourself\tutoryourself\debug\tutoryourself.tlog\link.command.1.tlog
d:\users\ivan\documents\visual studio 2015\projects\tutoryourself\tutoryourself\debug\tutoryourself.tlog\link.read.1.tlog
d:\users\ivan\documents\visual studio 2015\projects\tutoryourself\tutoryourself\debug\tutoryourself.tlog\link.write.1.tlog
